
> job-tcr-2@0.0.0 build
> tsc -b && vite build

src/App.tsx(4,46): error TS6133: 'CardFooter' is declared but its value is never read.
src/components/layout/AppLayout.tsx(1,10): error TS1484: 'ReactNode' is a type and must be imported using a type-only import when 'verbatimModuleSyntax' is enabled.
src/components/layout/ProofFooter.tsx(2,10): error TS6133: 'Check' is declared but its value is never read.
